<?xml version="1.0" encoding="UTF-8"?>
<testsuites>
  <testsuite name="fastlane.lanes">
    
    
    
      
      <testcase classname="fastlane.lanes" name="0: default_platform" time="0.0029746">
        
      </testcase>
    
      
      <testcase classname="fastlane.lanes" name="1: test" time="32.3155471">
        
          <failure message="C:/Ruby27-x64/lib/ruby/gems/2.7.0/gems/fastlane-2.168.0/fastlane/lib/fastlane/actions/actions_helper.rb:67:in `execute_action'&#10;C:/Ruby27-x64/lib/ruby/gems/2.7.0/gems/fastlane-2.168.0/fastlane/lib/fastlane/runner.rb:255:in `block in execute_action'&#10;C:/Ruby27-x64/lib/ruby/gems/2.7.0/gems/fastlane-2.168.0/fastlane/lib/fastlane/runner.rb:229:in `chdir'&#10;C:/Ruby27-x64/lib/ruby/gems/2.7.0/gems/fastlane-2.168.0/fastlane/lib/fastlane/runner.rb:229:in `execute_action'&#10;C:/Ruby27-x64/lib/ruby/gems/2.7.0/gems/fastlane-2.168.0/fastlane/lib/fastlane/runner.rb:157:in `trigger_action_by_name'&#10;C:/Ruby27-x64/lib/ruby/gems/2.7.0/gems/fastlane-2.168.0/fastlane/lib/fastlane/fast_file.rb:159:in `method_missing'&#10;Fastfile:21:in `block (2 levels) in parsing_binding'&#10;C:/Ruby27-x64/lib/ruby/gems/2.7.0/gems/fastlane-2.168.0/fastlane/lib/fastlane/lane.rb:33:in `call'&#10;C:/Ruby27-x64/lib/ruby/gems/2.7.0/gems/fastlane-2.168.0/fastlane/lib/fastlane/runner.rb:49:in `block in execute'&#10;C:/Ruby27-x64/lib/ruby/gems/2.7.0/gems/fastlane-2.168.0/fastlane/lib/fastlane/runner.rb:45:in `chdir'&#10;C:/Ruby27-x64/lib/ruby/gems/2.7.0/gems/fastlane-2.168.0/fastlane/lib/fastlane/runner.rb:45:in `execute'&#10;C:/Ruby27-x64/lib/ruby/gems/2.7.0/gems/fastlane-2.168.0/fastlane/lib/fastlane/lane_manager.rb:47:in `cruise_lane'&#10;C:/Ruby27-x64/lib/ruby/gems/2.7.0/gems/fastlane-2.168.0/fastlane/lib/fastlane/command_line_handler.rb:36:in `handle'&#10;C:/Ruby27-x64/lib/ruby/gems/2.7.0/gems/fastlane-2.168.0/fastlane/lib/fastlane/commands_generator.rb:108:in `block (2 levels) in run'&#10;C:/Ruby27-x64/lib/ruby/gems/2.7.0/gems/commander-fastlane-4.4.6/lib/commander/command.rb:178:in `call'&#10;C:/Ruby27-x64/lib/ruby/gems/2.7.0/gems/commander-fastlane-4.4.6/lib/commander/command.rb:153:in `run'&#10;C:/Ruby27-x64/lib/ruby/gems/2.7.0/gems/commander-fastlane-4.4.6/lib/commander/runner.rb:476:in `run_active_command'&#10;C:/Ruby27-x64/lib/ruby/gems/2.7.0/gems/fastlane-2.168.0/fastlane_core/lib/fastlane_core/ui/fastlane_runner.rb:76:in `run!'&#10;C:/Ruby27-x64/lib/ruby/gems/2.7.0/gems/commander-fastlane-4.4.6/lib/commander/delegates.rb:15:in `run!'&#10;C:/Ruby27-x64/lib/ruby/gems/2.7.0/gems/fastlane-2.168.0/fastlane/lib/fastlane/commands_generator.rb:352:in `run'&#10;C:/Ruby27-x64/lib/ruby/gems/2.7.0/gems/fastlane-2.168.0/fastlane/lib/fastlane/commands_generator.rb:41:in `start'&#10;C:/Ruby27-x64/lib/ruby/gems/2.7.0/gems/fastlane-2.168.0/fastlane/lib/fastlane/cli_tools_distributor.rb:119:in `take_off'&#10;C:/Ruby27-x64/lib/ruby/gems/2.7.0/gems/fastlane-2.168.0/bin/fastlane:23:in `&lt;top (required)&gt;'&#10;C:/Ruby27-x64/bin/fastlane:23:in `load'&#10;C:/Ruby27-x64/bin/fastlane:23:in `&lt;main&gt;'&#10;&#10;Exit status of command 'C:/Users/payet/source/repos/remote-numpad/gradlew test -p .' was 1 instead of 0.&#10;&#10;Welcome to Gradle 6.7!&#10;&#10;Here are the highlights of this release:&#10; - File system watching is ready for production use&#10; - Declare the version of Java your build requires&#10; - Java 15 support&#10;&#10;For more details see https://docs.gradle.org/6.7/release-notes.html&#10;&#10;Starting a Gradle Daemon, 2 stopped Daemons could not be reused, use --status for details&#10;&gt; Task :app:preBuild UP-TO-DATE&#10;&gt; Task :app:preDebugBuild UP-TO-DATE&#10;&gt; Task :app:compileDebugAidl NO-SOURCE&#10;&gt; Task :app:compileDebugRenderscript NO-SOURCE&#10;&gt; Task :app:generateDebugBuildConfig UP-TO-DATE&#10;&gt; Task :app:checkDebugAarMetadata UP-TO-DATE&#10;&gt; Task :app:generateDebugResValues UP-TO-DATE&#10;&gt; Task :app:generateDebugResources UP-TO-DATE&#10;&gt; Task :app:mergeDebugResources UP-TO-DATE&#10;&gt; Task :app:createDebugCompatibleScreenManifests UP-TO-DATE&#10;&gt; Task :app:extractDeepLinksDebug UP-TO-DATE&#10;&gt; Task :app:processDebugMainManifest&#10;&gt; Task :app:processDebugManifest&#10;&gt; Task :app:javaPreCompileDebug UP-TO-DATE&#10;&gt; Task :app:preDebugUnitTestBuild UP-TO-DATE&#10;&gt; Task :app:javaPreCompileDebugUnitTest UP-TO-DATE&#10;&gt; Task :app:processDebugJavaRes NO-SOURCE&#10;&gt; Task :app:processDebugUnitTestJavaRes UP-TO-DATE&#10;&gt; Task :app:extractProguardFiles&#10;&gt; Task :app:preReleaseBuild&#10;&gt; Task :app:compileReleaseAidl NO-SOURCE&#10;&gt; Task :app:compileReleaseRenderscript NO-SOURCE&#10;&gt; Task :app:generateReleaseBuildConfig&#10;&gt; Task :app:checkReleaseAarMetadata&#10;&gt; Task :app:generateReleaseResValues&#10;&gt; Task :app:generateReleaseResources&#10;&gt; Task :app:createReleaseCompatibleScreenManifests&#10;&gt; Task :app:extractDeepLinksRelease&#10;&gt; Task :app:processReleaseMainManifest&#10;&gt; Task :app:processReleaseManifest&#10;&gt; Task :app:preReleaseUnitTestBuild&#10;&gt; Task :app:javaPreCompileRelease&#10;&gt; Task :app:javaPreCompileReleaseUnitTest&#10;&gt; Task :app:processReleaseJavaRes NO-SOURCE&#10;&gt; Task :app:processReleaseUnitTestJavaRes&#10;&gt; Task :app:processReleaseManifestForPackage&#10;&gt; Task :app:processDebugManifestForPackage&#10;&gt; Task :app:mergeReleaseResources&#10;&gt; Task :app:processDebugResources&#10;&gt; Task :app:compileDebugKotlin&#10;&#10;&gt; Task :app:compileDebugJavaWithJavac&#10;warning: [options] source value 7 is obsolete and will be removed in a future release&#10;warning: [options] target value 7 is obsolete and will be removed in a future release&#10;warning: [options] To suppress warnings about obsolete options, use -Xlint:-options.&#10;3 warnings&#10;&#10;&gt; Task :app:bundleDebugClasses&#10;&gt; Task :app:processReleaseResources&#10;&gt; Task :app:compileReleaseKotlin&#10;&#10;&gt; Task :app:compileReleaseJavaWithJavac&#10;warning: [options] source value 7 is obsolete and will be removed in a future release&#10;warning: [options] target value 7 is obsolete and will be removed in a future release&#10;warning: [options] To suppress warnings about obsolete options, use -Xlint:-options.&#10;3 warnings&#10;&#10;&gt; Task :app:bundleReleaseClasses&#10;&gt; Task :app:compileDebugUnitTestKotlin&#10;&gt; Task :app:compileDebugUnitTestJavaWithJavac NO-SOURCE&#10;&#10;&gt; Task :app:testDebugUnitTest&#10;WARNING: An illegal reflective access operation has occurred&#10;WARNING: Illegal reflective access by org.powermock.reflect.internal.WhiteboxImpl (file:/C:/Users/payet/.gradle/caches/transforms-2/files-2.1/56b89bd612f6a6e10c6a4d8d40a549fb/jetified-powermock-reflect-2.0.9.jar) to method java.lang.Object.clone()&#10;WARNING: Please consider reporting this to the maintainers of org.powermock.reflect.internal.WhiteboxImpl&#10;WARNING: Use --illegal-access=warn to enable warnings of further illegal reflective access operations&#10;WARNING: All illegal access operations will be denied in a future release&#10;&#10;com.guillaumepayet.remotenumpad.connection.bluetooth.BluetoothConnectionInterfaceTestSuite &gt; closingConnectionWithNoneOpen_NothingHappens FAILED&#10;    java.lang.NoClassDefFoundError at AnnotationEnabler.java:117&#10;        Caused by: java.lang.ClassNotFoundException at BuiltinClassLoader.java:606&#10;&#10;com.guillaumepayet.remotenumpad.connection.bluetooth.BluetoothConnectionInterfaceTestSuite &gt; openingConnectionWithValidHost_ConnectingThenConnected FAILED&#10;    java.lang.NoClassDefFoundError at AnnotationEnabler.java:117&#10;&#10;com.guillaumepayet.remotenumpad.connection.bluetooth.BluetoothConnectionInterfaceTestSuite &gt; openingConnectionWithInvalidHost_ConnectingThenCouldNotConnect FAILED&#10;    java.lang.NoClassDefFoundError at AnnotationEnabler.java:117&#10;&#10;com.guillaumepayet.remotenumpad.connection.bluetooth.BluetoothConnectionInterfaceTestSuite &gt; closingConnectionWithValidConnection_DisconnectingThenDisconnected FAILED&#10;    java.lang.NoClassDefFoundError at AnnotationEnabler.java:117&#10;&#10;com.guillaumepayet.remotenumpad.connection.bluetooth.BluetoothConnectionInterfaceTestSuite &gt; creatingConnectionInterfaceWithValidDataSender_ConnectionInterfaceIsRegisteredInDataSender FAILED&#10;    java.lang.NoClassDefFoundError at AnnotationEnabler.java:117&#10;&#10;com.guillaumepayet.remotenumpad.connection.KeyEventSenderTestSuite &gt; classMethod FAILED&#10;    java.lang.IllegalStateException at PluginLoader.java:66&#10;        Caused by: java.lang.IllegalStateException at PluginLoader.java:101&#10;            Caused by: java.lang.IllegalStateException at MockMakerLoader.java:39&#10;                Caused by: java.lang.ClassNotFoundException at BuiltinClassLoader.java:606&#10;&#10;com.guillaumepayet.remotenumpad.connection.socket.SocketConnectionInterfaceTestSuite &gt; closingConnectionWithNoneOpen_NothingHappens FAILED&#10;    java.lang.NoClassDefFoundError at AnnotationEnabler.java:117&#10;        Caused by: java.lang.ClassNotFoundException at BuiltinClassLoader.java:606&#10;&#10;com.guillaumepayet.remotenumpad.connection.socket.SocketConnectionInterfaceTestSuite &gt; openingConnectionWithValidHost_ConnectingThenConnected FAILED&#10;    java.lang.NoClassDefFoundError at AnnotationEnabler.java:117&#10;&#10;com.guillaumepayet.remotenumpad.connection.socket.SocketConnectionInterfaceTestSuite &gt; openingConnectionWithInvalidHost_ConnectingThenCouldNotConnect FAILED&#10;    java.lang.NoClassDefFoundError at AnnotationEnabler.java:117&#10;&#10;com.guillaumepayet.remotenumpad.connection.socket.SocketConnectionInterfaceTestSuite &gt; closingConnectionWithValidConnection_DisconnectingThenDisconnected FAILED&#10;    java.lang.NoClassDefFoundError at AnnotationEnabler.java:117&#10;&#10;com.guillaumepayet.remotenumpad.connection.socket.SocketConnectionInterfaceTestSuite &gt; creatingConnectionInterfaceWithValidDataSender_ConnectionInterfaceIsRegisteredInDataSender FAILED&#10;    java.lang.NoClassDefFoundError at AnnotationEnabler.java:117&#10;&#10;com.guillaumepayet.remotenumpad.controller.KeyTestSuite &gt; constructKeyWithContextAndAttributeSet_AttributesAreRecycledOnce FAILED&#10;    java.lang.NoClassDefFoundError at AnnotationEnabler.java:117&#10;        Caused by: java.lang.ClassNotFoundException at BuiltinClassLoader.java:606&#10;&#10;com.guillaumepayet.remotenumpad.controller.KeyTestSuite &gt; constructKeyWithContextAndAttributeSet_KeyRetrievedItsValue FAILED&#10;    java.lang.NoClassDefFoundError at AnnotationEnabler.java:117&#10;&#10;com.guillaumepayet.remotenumpad.controller.VirtualNumpadTestSuite &gt; constructNumpadWithNonEmptyViewGroup_numpadRegisteredItselfInEachKey FAILED&#10;    java.lang.NoClassDefFoundError at AnnotationEnabler.java:117&#10;        Caused by: java.lang.ClassNotFoundException at BuiltinClassLoader.java:606&#10;&#10;com.guillaumepayet.remotenumpad.controller.VirtualNumpadTestSuite &gt; triggerValidKeyTouchEventAndTwoListeners_numpadNotifiesBothListeners FAILED&#10;    java.lang.NoClassDefFoundError at AnnotationEnabler.java:117&#10;&#10;com.guillaumepayet.remotenumpad.controller.VirtualNumpadTestSuite &gt; triggerValidKeyDownEventAndListener_numpadNotifiesKeypadListeners FAILED&#10;    java.lang.NoClassDefFoundError at AnnotationEnabler.java:117&#10;&#10;com.guillaumepayet.remotenumpad.controller.VirtualNumpadTestSuite &gt; constructNumpadWithEmptyViewGroup_numpadInitialisesButIsUnuseable FAILED&#10;    java.lang.NoClassDefFoundError at AnnotationEnabler.java:117&#10;&#10;com.guillaumepayet.remotenumpad.controller.VirtualNumpadTestSuite &gt; triggerValidKeyUpEventAndListener_numpadNotifiesKeypadListeners FAILED&#10;    java.lang.NoClassDefFoundError at AnnotationEnabler.java:117&#10;&#10;com.guillaumepayet.remotenumpad.controller.VirtualNumpadTestSuite &gt; triggerValidKeyTouchEventAndNoListener_numpadDoesNotReact FAILED&#10;    java.lang.NoClassDefFoundError at AnnotationEnabler.java:117&#10;&#10;com.guillaumepayet.remotenumpad.controller.VirtualNumpadTestSuite &gt; triggerInvalidKeyTouchEventAndListener_numpadDoesNotReact FAILED&#10;    java.lang.NoClassDefFoundError at AnnotationEnabler.java:117&#10;&#10;24 tests completed, 20 failed&#10;&#10;&gt; Task :app:testDebugUnitTest FAILED&#10;&#10;FAILURE: Build failed with an exception.&#10;&#10;* What went wrong:&#10;Execution failed for task ':app:testDebugUnitTest'.&#10;&gt; There were failing tests. See the report at: file:///C:/Users/payet/source/repos/remote-numpad/app/build/reports/tests/testDebugUnitTest/index.html&#10;&#10;* Try:&#10;Run with --stacktrace option to get the stack trace. Run with --info or --debug option to get more log output. Run with --scan to get full insights.&#10;&#10;* Get more help at https://help.gradle.org&#10;&#10;Deprecated Gradle features were used in this build, making it incompatible with Gradle 7.0.&#10;Use '--warning-mode all' to show the individual deprecation warnings.&#10;See https://docs.gradle.org/6.7/userguide/command_line_interface.html#sec:command_line_warnings&#10;&#10;BUILD FAILED in 31s&#10;35 actionable tasks: 26 executed, 9 up-to-date&#10;" />
        
      </testcase>
    
  </testsuite>
</testsuites>
